#
# There is insufficient memory for the Java Runtime Environment to continue.
# Native memory allocation (malloc) failed to allocate 223680 bytes for Chunk::new
# Possible reasons:
#   The system is out of physical RAM or swap space
#   The process is running with CompressedOops enabled, and the Java Heap may be blocking the growth of the native heap
# Possible solutions:
#   Reduce memory load on the system
#   Increase physical memory or swap space
#   Check if swap backing store is full
#   Decrease Java heap size (-Xmx/-Xms)
#   Decrease number of Java threads
#   Decrease Java thread stack sizes (-Xss)
#   Set larger code cache with -XX:ReservedCodeCacheSize=
#   JVM is running with Unscaled Compressed Oops mode in which the Java heap is
#     placed in the first 4GB address space. The Java Heap base address is the
#     maximum limit for the native heap growth. Please use -XX:HeapBaseMinAddress
#     to set the Java Heap base and to place the Java Heap above 4GB virtual address.
# This output file may be truncated or incomplete.
#
#  Out of Memory Error (allocation.cpp:389), pid=6520, tid=0x0000000000004224
#
# JRE version: OpenJDK Runtime Environment (8.0_242-b01) (build 1.8.0_242-release-1644-b01)
# Java VM: OpenJDK 64-Bit Server VM (25.242-b01 mixed mode windows-amd64 compressed oops)
# Failed to write core dump. Minidumps are not enabled by default on client versions of Windows
#

---------------  T H R E A D  ---------------

Current thread (0x000000001679a000):  JavaThread "C2 CompilerThread1" daemon [_thread_in_native, id=16932, stack(0x0000000017f20000,0x0000000018020000)]

Stack: [0x0000000017f20000,0x0000000018020000]
[error occurred during error reporting (printing stack bounds), id 0xc0000005]

Native frames: (J=compiled Java code, j=interpreted, Vv=VM code, C=native code)


Current CompileTask:
C2: 107438 17994       4       com.android.tools.r8.graph.H0::c (177 bytes)


---------------  P R O C E S S  ---------------

Java Threads: ( => current thread )
  0x000000001dc82800 JavaThread "WorkerExecutor Queue Thread 9" [_thread_in_Java, id=15064, stack(0x0000000021de0000,0x0000000021ee0000)]
  0x000000001dc85800 JavaThread "WorkerExecutor Queue Thread 8" [_thread_blocked, id=14308, stack(0x0000000021ce0000,0x0000000021de0000)]
  0x000000001dc87000 JavaThread "Cache worker for Java compile cache (C:\Users\jabap\AndroidStudioProjects\PT2App\.gradle\6.5\javaCompile)" [_thread_blocked, id=10600, stack(0x0000000020a20000,0x0000000020b20000)]
  0x000000001dc81800 JavaThread "Cache worker for Java compile cache (C:\Users\jabap\.gradle\caches\6.5\javaCompile)" [_thread_blocked, id=8640, stack(0x0000000001270000,0x0000000001370000)]
  0x000000001dc79800 JavaThread "RMI TCP Connection(2)-127.0.0.1" daemon [_thread_in_native, id=12924, stack(0x000000002e8e0000,0x000000002e9e0000)]
  0x000000001dc80000 JavaThread "RMI Reaper" [_thread_blocked, id=7188, stack(0x000000002e7e0000,0x000000002e8e0000)]
  0x000000001dc7f800 JavaThread "RMI TCP Accept-0" daemon [_thread_in_native, id=11576, stack(0x000000002e6e0000,0x000000002e7e0000)]
  0x000000001dc78000 JavaThread "GC Daemon" daemon [_thread_blocked, id=13280, stack(0x000000002e5e0000,0x000000002e6e0000)]
  0x000000001dc7d000 JavaThread "RMI Scheduler(0)" daemon [_thread_blocked, id=11004, stack(0x000000001c170000,0x000000001c270000)]
  0x000000001dc7e800 JavaThread "WorkerExecutor Queue Thread 7" [_thread_blocked, id=5100, stack(0x000000002dfc0000,0x000000002e0c0000)]
  0x000000001dc78800 JavaThread "WorkerExecutor Queue Thread 6" [_thread_in_Java, id=10676, stack(0x000000002bcf0000,0x000000002bdf0000)]
  0x000000001e015800 JavaThread "stdout" [_thread_in_native, id=13144, stack(0x000000002dcc0000,0x000000002ddc0000)]
  0x000000001e01a800 JavaThread "stderr" [_thread_in_native, id=15544, stack(0x000000002dbc0000,0x000000002dcc0000)]
  0x000000001e018800 JavaThread "stdout" [_thread_in_native, id=3884, stack(0x000000002dac0000,0x000000002dbc0000)]
  0x000000001e01a000 JavaThread "stderr" [_thread_in_native, id=12976, stack(0x000000002d9c0000,0x000000002dac0000)]
  0x000000001e019000 JavaThread "stdout" [_thread_in_native, id=5968, stack(0x000000002d8c0000,0x000000002d9c0000)]
  0x000000001e017800 JavaThread "stderr" [_thread_in_native, id=980, stack(0x000000002d7c0000,0x000000002d8c0000)]
  0x000000001e00e000 JavaThread "stdout" [_thread_in_native, id=1504, stack(0x000000002d6c0000,0x000000002d7c0000)]
  0x000000001e014800 JavaThread "stderr" [_thread_in_native, id=9120, stack(0x000000002d5c0000,0x000000002d6c0000)]
  0x000000001e00d000 JavaThread "pool-2-thread-1" [_thread_blocked, id=5956, stack(0x000000002d4c0000,0x000000002d5c0000)]
  0x000000001e011800 JavaThread "WorkerExecutor Queue Thread 5" [_thread_blocked, id=1436, stack(0x000000002bdf0000,0x000000002bef0000)]
  0x00000000183be000 JavaThread "Cache worker for execution history cache (C:\Users\jabap\AndroidStudioProjects\PT2App\.gradle\6.5\executionHistory)" [_thread_blocked, id=17096, stack(0x000000002b6f0000,0x000000002b7f0000)]
  0x00000000183c1000 JavaThread "Execution worker for ':' Thread 3" [_thread_blocked, id=2352, stack(0x000000002b5f0000,0x000000002b6f0000)]
  0x00000000183bf800 JavaThread "Execution worker for ':' Thread 2" [_thread_blocked, id=13000, stack(0x000000002b4f0000,0x000000002b5f0000)]
  0x00000000183c4000 JavaThread "Execution worker for ':'" [_thread_blocked, id=14000, stack(0x000000002b140000,0x000000002b240000)]
  0x00000000183b6800 JavaThread "Cache worker for file content cache (C:\Users\jabap\AndroidStudioProjects\PT2App\.gradle\6.5\fileContent)" [_thread_blocked, id=13332, stack(0x000000002ae40000,0x000000002af40000)]
  0x00000000183bd800 JavaThread "Memory manager" [_thread_blocked, id=7176, stack(0x0000000029ae0000,0x0000000029be0000)]
  0x00000000183ba800 JavaThread "pool-1-thread-1" [_thread_blocked, id=15084, stack(0x0000000029bf0000,0x0000000029cf0000)]
  0x00000000183bc000 JavaThread "Cache worker for Build Output Cleanup Cache (C:\Users\jabap\AndroidStudioProjects\PT2App\.gradle\buildOutputCleanup)" [_thread_blocked, id=10572, stack(0x00000000297e0000,0x00000000298e0000)]
  0x0000000018933000 JavaThread "Build operations Thread 4" [_thread_blocked, id=13408, stack(0x00000000215e0000,0x00000000216e0000)]
  0x000000001893a000 JavaThread "Build operations Thread 3" [_thread_blocked, id=12736, stack(0x00000000214e0000,0x00000000215e0000)]
  0x0000000018937800 JavaThread "Build operations Thread 2" [_thread_blocked, id=8204, stack(0x00000000213e0000,0x00000000214e0000)]
  0x0000000018932800 JavaThread "Build operations" [_thread_blocked, id=8632, stack(0x0000000021020000,0x0000000021120000)]
  0x000000001a2b2000 JavaThread "Cache worker for file content cache (C:\Users\jabap\.gradle\caches\6.5\fileContent)" [_thread_blocked, id=16968, stack(0x0000000020b20000,0x0000000020c20000)]
  0x000000001a2b7000 JavaThread "Cache worker for execution history cache (C:\Users\jabap\.gradle\caches\6.5\executionHistory)" [_thread_blocked, id=1660, stack(0x0000000020080000,0x0000000020180000)]
  0x000000001a2b6800 JavaThread "Cache worker for cache directory md-rule (C:\Users\jabap\.gradle\caches\6.5\md-rule)" [_thread_blocked, id=13132, stack(0x000000001ff80000,0x0000000020080000)]
  0x000000001a2b1000 JavaThread "Cache worker for cache directory md-supplier (C:\Users\jabap\.gradle\caches\6.5\md-supplier)" [_thread_blocked, id=11740, stack(0x000000001ed10000,0x000000001ee10000)]
  0x000000001a2b5000 JavaThread "Cache worker for checksums cache (C:\Users\jabap\AndroidStudioProjects\PT2App\.gradle\checksums)" [_thread_blocked, id=14612, stack(0x000000001ec10000,0x000000001ed10000)]
  0x000000001a2b5800 JavaThread "Cache worker for file hash cache (C:\Users\jabap\AndroidStudioProjects\PT2App\.gradle\6.5\fileHashes)" [_thread_blocked, id=12528, stack(0x000000001fe80000,0x000000001ff80000)]
  0x000000001a2b2800 JavaThread "Cache worker for file hash cache (C:\Users\jabap\.gradle\caches\6.5\fileHashes)" [_thread_blocked, id=12876, stack(0x000000001c770000,0x000000001c870000)]
  0x000000001a2b4000 JavaThread "File lock request listener" [_thread_in_native, id=15992, stack(0x000000001c670000,0x000000001c770000)]
  0x000000001a1d6000 JavaThread "Cache worker for journal cache (C:\Users\jabap\.gradle\caches\journal-1)" [_thread_blocked, id=5900, stack(0x000000001c570000,0x000000001c670000)]
  0x000000001a13e800 JavaThread "Thread-9" [_thread_blocked, id=14540, stack(0x000000001c270000,0x000000001c370000)]
  0x000000001a158800 JavaThread "Asynchronous log dispatcher for DefaultDaemonConnection: socket connection from /127.0.0.1:57739 to /127.0.0.1:57740" [_thread_blocked, id=6692, stack(0x000000001c070000,0x000000001c170000)]
  0x000000001a13e000 JavaThread "Daemon worker" [_thread_blocked, id=14376, stack(0x000000001bf70000,0x000000001c070000)]
  0x000000001a13b000 JavaThread "Cancel handler" [_thread_blocked, id=3336, stack(0x000000001be70000,0x000000001bf70000)]
  0x0000000019eec800 JavaThread "Handler for socket connection from /127.0.0.1:57739 to /127.0.0.1:57740" [_thread_in_native, id=16788, stack(0x000000001bd70000,0x000000001be70000)]
  0x0000000019ee9000 JavaThread "Daemon" [_thread_blocked, id=16424, stack(0x000000001bc70000,0x000000001bd70000)]
  0x000000001a132000 JavaThread "Daemon periodic checks" [_thread_blocked, id=6104, stack(0x000000001b970000,0x000000001ba70000)]
  0x000000001a0dd800 JavaThread "Incoming local TCP Connector on port 57739" [_thread_in_native, id=15228, stack(0x000000001b700000,0x000000001b800000)]
  0x000000001a033000 JavaThread "Daemon health stats" [_thread_blocked, id=5176, stack(0x000000001b0c0000,0x000000001b1c0000)]
  0x00000000167ed000 JavaThread "Service Thread" daemon [_thread_blocked, id=11608, stack(0x0000000018520000,0x0000000018620000)]
  0x00000000167ab800 JavaThread "C1 CompilerThread2" daemon [_thread_in_native, id=14064, stack(0x0000000018020000,0x0000000018120000)]
=>0x000000001679a000 JavaThread "C2 CompilerThread1" daemon [_thread_in_native, id=16932, stack(0x0000000017f20000,0x0000000018020000)]
  0x0000000016792000 JavaThread "C2 CompilerThread0" daemon [_thread_in_native, id=13776, stack(0x0000000017e20000,0x0000000017f20000)]
  0x0000000016795800 JavaThread "Attach Listener" daemon [_thread_blocked, id=5320, stack(0x0000000017d20000,0x0000000017e20000)]
  0x0000000016794800 JavaThread "Signal Dispatcher" daemon [_thread_blocked, id=11588, stack(0x0000000017c20000,0x0000000017d20000)]
  0x0000000002e1b000 JavaThread "Finalizer" daemon [_thread_blocked, id=12364, stack(0x0000000017a00000,0x0000000017b00000)]
  0x0000000016779000 JavaThread "Reference Handler" daemon [_thread_blocked, id=2108, stack(0x0000000017900000,0x0000000017a00000)]
  0x0000000002cbe000 JavaThread "main" [_thread_blocked, id=7700, stack(0x0000000002b50000,0x0000000002c50000)]

Other Threads:
  0x0000000016756000 VMThread [stack: 0x0000000017800000,0x0000000017900000] [id=17084]
  0x00000000167ee000 WatcherThread [stack: 0x0000000018620000,0x0000000018720000] [id=11052]

VM state:not at safepoint (normal execution)

VM Mutex/Monitor currently owned by a thread: None

OutOfMemory and StackOverflow Exception counts:
OutOfMemoryError java_heap_errors=1

heap address: 0x00000000a0000000, size: 1536 MB, Compressed Oops mode: 32-bit
Narrow klass base: 0x0000000000000000, Narrow klass shift: 3
Compressed class space size: 1073741824 Address: 0x0000000100000000

Heap:
 PSYoungGen      total 415744K, used 223834K [0x00000000e0000000, 0x00000000fe900000, 0x0000000100000000)
  eden space 379904K, 49% used [0x00000000e0000000,0x00000000eb79c968,0x00000000f7300000)
  from space 35840K, 99% used [0x00000000fa180000,0x00000000fc47a290,0x00000000fc480000)
  to   space 47616K, 0% used [0x00000000f7300000,0x00000000f7300000,0x00000000fa180000)
 ParOldGen       total 156160K, used 88884K [0x00000000a0000000, 0x00000000a9880000, 0x00000000e0000000)
  object space 156160K, 56% used [0x00000000a0000000,0x00000000a56cd270,0x00000000a9880000)
 Metaspace       used 99941K, capacity 105210K, committed 105368K, reserved 1140736K
  class space    used 13336K, capacity 14414K, committed 14512K, reserved 1048576K

Card table byte_map: [0x00000000121e0000,0x00000000124f0000] byte_map_base: 0x0000000011ce0000

Marking Bits: (ParMarkBitMap*) 0x000000007234f030
 Begin Bits: [0x0000000012af0000, 0x00000000142f0000)
 End Bits:   [0x00000000142f0000, 0x0000000015af0000)

Polling page: 0x0000000000e90000

CodeCache: size=245760Kb used=49898Kb max_used=49898Kb free=195861Kb
 bounds [0x0000000002e20000, 0x0000000005f20000, 0x0000000011e20000]
 total_blobs=15727 nmethods=14812 adapters=828
 compilation: enabled

Compilation events (10 events):
Event: 107.422 Thread 0x00000000167ab800 nmethod 18079 0x0000000005f03090 code [0x0000000005f032a0, 0x0000000005f03d78]
Event: 107.422 Thread 0x00000000167ab800 18080       3       com.android.tools.r8.graph.f0$$Lambda$930/872935907::get$Lambda (9 bytes)
Event: 107.422 Thread 0x00000000167ab800 nmethod 18080 0x0000000005f06410 code [0x0000000005f06580, 0x0000000005f067d0]
Event: 107.422 Thread 0x00000000167ab800 18081       3       com.android.tools.r8.graph.f0$$Lambda$930/872935907::<init> (10 bytes)
Event: 107.422 Thread 0x00000000167ab800 nmethod 18081 0x0000000005f068d0 code [0x0000000005f06a20, 0x0000000005f06bf0]
Event: 107.422 Thread 0x00000000167ab800 18082       3       com.android.tools.r8.dex.a$a$$Lambda$910/1226602297::get$Lambda (11 bytes)
Event: 107.422 Thread 0x0000000016792000 nmethod 18053 0x0000000005f06c90 code [0x0000000005f06e40, 0x0000000005f074c8]
Event: 107.422 Thread 0x0000000016792000 18068       4       com.android.tools.r8.z.a.a.f::a (131 bytes)
Event: 107.422 Thread 0x00000000167ab800 nmethod 18082 0x0000000005f02b50 code [0x0000000005f02cc0, 0x0000000005f02f50]
Event: 107.423 Thread 0x00000000167ab800 18083       3       com.android.tools.r8.ir.regalloc.h::a (43 bytes)

GC Heap History (10 events):
Event: 37.035 GC heap before
{Heap before GC invocations=20 (full 4):
 PSYoungGen      total 366592K, used 19188K [0x00000000e0000000, 0x00000000f8b80000, 0x0000000100000000)
  eden space 328192K, 0% used [0x00000000e0000000,0x00000000e0000000,0x00000000f4080000)
  from space 38400K, 49% used [0x00000000f6600000,0x00000000f78bd3c8,0x00000000f8b80000)
  to   space 38400K, 0% used [0x00000000f4080000,0x00000000f4080000,0x00000000f6600000)
 ParOldGen       total 89600K, used 85979K [0x00000000a0000000, 0x00000000a5780000, 0x00000000e0000000)
  object space 89600K, 95% used [0x00000000a0000000,0x00000000a53f6f18,0x00000000a5780000)
 Metaspace       used 76981K, capacity 80844K, committed 81048K, reserved 1120256K
  class space    used 10315K, capacity 11116K, committed 11184K, reserved 1048576K
Event: 38.073 GC heap after
Heap after GC invocations=20 (full 4):
 PSYoungGen      total 366592K, used 0K [0x00000000e0000000, 0x00000000f8b80000, 0x0000000100000000)
  eden space 328192K, 0% used [0x00000000e0000000,0x00000000e0000000,0x00000000f4080000)
  from space 38400K, 0% used [0x00000000f6600000,0x00000000f6600000,0x00000000f8b80000)
  to   space 38400K, 0% used [0x00000000f4080000,0x00000000f4080000,0x00000000f6600000)
 ParOldGen       total 156160K, used 72156K [0x00000000a0000000, 0x00000000a9880000, 0x00000000e0000000)
  object space 156160K, 46% used [0x00000000a0000000,0x00000000a4677288,0x00000000a9880000)
 Metaspace       used 76889K, capacity 80576K, committed 81048K, reserved 1120256K
  class space    used 10285K, capacity 11064K, committed 11184K, reserved 1048576K
}
Event: 41.628 GC heap before
{Heap before GC invocations=21 (full 4):
 PSYoungGen      total 366592K, used 328192K [0x00000000e0000000, 0x00000000f8b80000, 0x0000000100000000)
  eden space 328192K, 100% used [0x00000000e0000000,0x00000000f4080000,0x00000000f4080000)
  from space 38400K, 0% used [0x00000000f6600000,0x00000000f6600000,0x00000000f8b80000)
  to   space 38400K, 0% used [0x00000000f4080000,0x00000000f4080000,0x00000000f6600000)
 ParOldGen       total 156160K, used 72156K [0x00000000a0000000, 0x00000000a9880000, 0x00000000e0000000)
  object space 156160K, 46% used [0x00000000a0000000,0x00000000a4677288,0x00000000a9880000)
 Metaspace       used 77369K, capacity 80992K, committed 81560K, reserved 1120256K
  class space    used 10325K, capacity 11096K, committed 11184K, reserved 1048576K
Event: 41.658 GC heap after
Heap after GC invocations=21 (full 4):
 PSYoungGen      total 366592K, used 3736K [0x00000000e0000000, 0x00000000fb080000, 0x0000000100000000)
  eden space 328192K, 0% used [0x00000000e0000000,0x00000000e0000000,0x00000000f4080000)
  from space 38400K, 9% used [0x00000000f4080000,0x00000000f4426200,0x00000000f6600000)
  to   space 37888K, 0% used [0x00000000f8b80000,0x00000000f8b80000,0x00000000fb080000)
 ParOldGen       total 156160K, used 72164K [0x00000000a0000000, 0x00000000a9880000, 0x00000000e0000000)
  object space 156160K, 46% used [0x00000000a0000000,0x00000000a4679288,0x00000000a9880000)
 Metaspace       used 77369K, capacity 80992K, committed 81560K, reserved 1120256K
  class space    used 10325K, capacity 11096K, committed 11184K, reserved 1048576K
}
Event: 48.712 GC heap before
{Heap before GC invocations=22 (full 4):
 PSYoungGen      total 366592K, used 331928K [0x00000000e0000000, 0x00000000fb080000, 0x0000000100000000)
  eden space 328192K, 100% used [0x00000000e0000000,0x00000000f4080000,0x00000000f4080000)
  from space 38400K, 9% used [0x00000000f4080000,0x00000000f4426200,0x00000000f6600000)
  to   space 37888K, 0% used [0x00000000f8b80000,0x00000000f8b80000,0x00000000fb080000)
 ParOldGen       total 156160K, used 72164K [0x00000000a0000000, 0x00000000a9880000, 0x00000000e0000000)
  object space 156160K, 46% used [0x00000000a0000000,0x00000000a4679288,0x00000000a9880000)
 Metaspace       used 78298K, capacity 81990K, committed 82456K, reserved 1120256K
  class space    used 10400K, capacity 11185K, committed 11312K, reserved 1048576K
Event: 48.734 GC heap after
Heap after GC invocations=22 (full 4):
 PSYoungGen      total 388608K, used 12760K [0x00000000e0000000, 0x00000000fa600000, 0x0000000100000000)
  eden space 361472K, 0% used [0x00000000e0000000,0x00000000e0000000,0x00000000f6100000)
  from space 27136K, 47% used [0x00000000f8b80000,0x00000000f97f6348,0x00000000fa600000)
  to   space 35328K, 0% used [0x00000000f6100000,0x00000000f6100000,0x00000000f8380000)
 ParOldGen       total 156160K, used 72172K [0x00000000a0000000, 0x00000000a9880000, 0x00000000e0000000)
  object space 156160K, 46% used [0x00000000a0000000,0x00000000a467b288,0x00000000a9880000)
 Metaspace       used 78298K, capacity 81990K, committed 82456K, reserved 1120256K
  class space    used 10400K, capacity 11185K, committed 11312K, reserved 1048576K
}
Event: 62.815 GC heap before
{Heap before GC invocations=23 (full 4):
 PSYoungGen      total 388608K, used 374231K [0x00000000e0000000, 0x00000000fa600000, 0x0000000100000000)
  eden space 361472K, 99% used [0x00000000e0000000,0x00000000f60ffb98,0x00000000f6100000)
  from space 27136K, 47% used [0x00000000f8b80000,0x00000000f97f6348,0x00000000fa600000)
  to   space 35328K, 0% used [0x00000000f6100000,0x00000000f6100000,0x00000000f8380000)
 ParOldGen       total 156160K, used 72172K [0x00000000a0000000, 0x00000000a9880000, 0x00000000e0000000)
  object space 156160K, 46% used [0x00000000a0000000,0x00000000a467b288,0x00000000a9880000)
 Metaspace       used 80783K, capacity 84780K, committed 85016K, reserved 1122304K
  class space    used 10689K, capacity 11538K, committed 11568K, reserved 1048576K
Event: 62.841 GC heap after
Heap after GC invocations=23 (full 4):
 PSYoungGen      total 396800K, used 19393K [0x00000000e0000000, 0x00000000fc480000, 0x0000000100000000)
  eden space 361472K, 0% used [0x00000000e0000000,0x00000000e0000000,0x00000000f6100000)
  from space 35328K, 54% used [0x00000000f6100000,0x00000000f73f05b8,0x00000000f8380000)
  to   space 35840K, 0% used [0x00000000fa180000,0x00000000fa180000,0x00000000fc480000)
 ParOldGen       total 156160K, used 72180K [0x00000000a0000000, 0x00000000a9880000, 0x00000000e0000000)
  object space 156160K, 46% used [0x00000000a0000000,0x00000000a467d288,0x00000000a9880000)
 Metaspace       used 80783K, capacity 84780K, committed 85016K, reserved 1122304K
  class space    used 10689K, capacity 11538K, committed 11568K, reserved 1048576K
}
Event: 101.461 GC heap before
{Heap before GC invocations=24 (full 4):
 PSYoungGen      total 396800K, used 380865K [0x00000000e0000000, 0x00000000fc480000, 0x0000000100000000)
  eden space 361472K, 100% used [0x00000000e0000000,0x00000000f6100000,0x00000000f6100000)
  from space 35328K, 54% used [0x00000000f6100000,0x00000000f73f05b8,0x00000000f8380000)
  to   space 35840K, 0% used [0x00000000fa180000,0x00000000fa180000,0x00000000fc480000)
 ParOldGen       total 156160K, used 72180K [0x00000000a0000000, 0x00000000a9880000, 0x00000000e0000000)
  object space 156160K, 46% used [0x00000000a0000000,0x00000000a467d288,0x00000000a9880000)
 Metaspace       used 92438K, capacity 96812K, committed 97048K, reserved 1132544K
  class space    used 12144K, capacity 13063K, committed 13104K, reserved 1048576K
Event: 102.741 GC heap after
Heap after GC invocations=24 (full 4):
 PSYoungGen      total 415744K, used 35816K [0x00000000e0000000, 0x00000000fe900000, 0x0000000100000000)
  eden space 379904K, 0% used [0x00000000e0000000,0x00000000e0000000,0x00000000f7300000)
  from space 35840K, 99% used [0x00000000fa180000,0x00000000fc47a290,0x00000000fc480000)
  to   space 47616K, 0% used [0x00000000f7300000,0x00000000f7300000,0x00000000fa180000)
 ParOldGen       total 156160K, used 88884K [0x00000000a0000000, 0x00000000a9880000, 0x00000000e0000000)
  object space 156160K, 56% used [0x00000000a0000000,0x00000000a56cd270,0x00000000a9880000)
 Metaspace       used 92438K, capacity 96812K, committed 97048K, reserved 1132544K
  class space    used 12144K, capacity 13063K, committed 13104K, reserved 1048576K
}

Deoptimization events (10 events):
Event: 106.933 Thread 0x000000001dc85800 Uncommon trap: reason=class_check action=maybe_recompile pc=0x00000000058b3308 method=java.util.Spliterators.spliterator(Ljava/util/Collection;I)Ljava/util/Spliterator; @ 8
Event: 107.107 Thread 0x000000001dc7e800 Uncommon trap: reason=bimorphic action=maybe_recompile pc=0x0000000005da6258 method=com.android.tools.r8.q.a.a.a.v.hash(Ljava/lang/Object;)I @ 8
Event: 107.108 Thread 0x000000001dc7e800 Uncommon trap: reason=bimorphic action=maybe_recompile pc=0x0000000005da6258 method=com.android.tools.r8.q.a.a.a.v.hash(Ljava/lang/Object;)I @ 8
Event: 107.108 Thread 0x000000001dc7e800 Uncommon trap: reason=bimorphic action=maybe_recompile pc=0x0000000005da6258 method=com.android.tools.r8.q.a.a.a.v.hash(Ljava/lang/Object;)I @ 8
Event: 107.108 Thread 0x000000001dc7e800 Uncommon trap: reason=bimorphic action=maybe_recompile pc=0x0000000005da6258 method=com.android.tools.r8.q.a.a.a.v.hash(Ljava/lang/Object;)I @ 8
Event: 107.277 Thread 0x000000001dc85800 Uncommon trap: reason=class_check action=maybe_recompile pc=0x00000000033ff280 method=java.lang.Throwable.<init>(Ljava/lang/String;Ljava/lang/Throwable;)V @ 24
Event: 107.282 Thread 0x000000001dc85800 Uncommon trap: reason=unstable_if action=reinterpret pc=0x00000000052dfc4c method=org.gradle.internal.operations.DefaultBuildOperationExecutor$3.stop()V @ 61
Event: 107.285 Thread 0x00000000183c4000 Uncommon trap: reason=class_check action=maybe_recompile pc=0x00000000033ff280 method=java.lang.Throwable.<init>(Ljava/lang/String;Ljava/lang/Throwable;)V @ 24
Event: 107.294 Thread 0x000000001dc7e800 Uncommon trap: reason=unstable_if action=reinterpret pc=0x0000000005e2b784 method=com.android.tools.r8.ir.conversion.o.h(I)Lcom/android/tools/r8/ir/conversion/m; @ 14
Event: 107.323 Thread 0x000000001dc7e800 Uncommon trap: reason=unstable_if action=reinterpret pc=0x0000000003bc0674 method=java.util.HashMap.computeIfAbsent(Ljava/lang/Object;Ljava/util/function/Function;)Ljava/lang/Object; @ 145

Classes redefined (0 events):
No events

Internal exceptions (10 events):
Event: 103.554 Thread 0x000000001dc7e800 Exception <a 'sun/nio/fs/WindowsException'> (0x00000000e1761360) thrown at [C:\src\AOSP-openjdk-git\hotspot\src\share\vm\prims\jni.cpp, line 710]
Event: 103.554 Thread 0x000000001e011800 Exception <a 'sun/nio/fs/WindowsException'> (0x00000000e16bb6b8) thrown at [C:\src\AOSP-openjdk-git\hotspot\src\share\vm\prims\jni.cpp, line 710]
Event: 105.824 Thread 0x000000001e011800 Exception <a 'java/lang/IncompatibleClassChangeError': Found class java.lang.Object, but interface was expected> (0x00000000e37f06f0) thrown at [C:\src\AOSP-openjdk-git\hotspot\src\share\vm\interpreter\linkResolver.cpp, line 653]
Event: 106.681 Thread 0x000000001dc85800 Implicit null exception at 0x000000000574672a to 0x0000000005746779
Event: 106.681 Thread 0x000000001dc85800 Implicit null exception at 0x0000000004a09af0 to 0x0000000004a09b00
Event: 106.839 Thread 0x000000001dc7e800 Exception <a 'java/lang/NoSuchMethodError': java.lang.Object.b(Lcom/android/tools/r8/graph/p1$b;)Lcom/android/tools/r8/graph/p1$b;> (0x00000000e77a6cf8) thrown at [C:\src\AOSP-openjdk-git\hotspot\src\share\vm\interpreter\linkResolver.cpp, line 620]
Event: 106.901 Thread 0x000000001dc7e800 Exception <a 'java/lang/NoSuchMethodError': java.lang.Object.lambda$maxBy$1(Ljava/util/Comparator;Ljava/lang/Object;Ljava/lang/Object;)Ljava/lang/Object;> (0x00000000e80c7618) thrown at [C:\src\AOSP-openjdk-git\hotspot\src\share\vm\interpreter\linkResolve
Event: 106.902 Thread 0x000000001dc78800 Exception <a 'java/lang/NoSuchMethodError': java.lang.Object.lambda$maxBy$1(Ljava/util/Comparator;Ljava/lang/Object;Ljava/lang/Object;)Ljava/lang/Object;> (0x00000000e7af08c0) thrown at [C:\src\AOSP-openjdk-git\hotspot\src\share\vm\interpreter\linkResolve
Event: 106.901 Thread 0x000000001e011800 Exception <a 'java/lang/NoSuchMethodError': java.lang.Object.lambda$maxBy$1(Ljava/util/Comparator;Ljava/lang/Object;Ljava/lang/Object;)Ljava/lang/Object;> (0x00000000e7b54b10) thrown at [C:\src\AOSP-openjdk-git\hotspot\src\share\vm\interpreter\linkResolve
Event: 107.273 Thread 0x000000001dc85800 Exception <a 'java/lang/OutOfMemoryError'> (0x00000000ea4c6b40) thrown at [C:\src\AOSP-openjdk-git\hotspot\src\share\vm\prims\jni.cpp, line 737]

Events (10 events):
Event: 107.370 loading class com/android/tools/r8/code/v2
Event: 107.370 loading class com/android/tools/r8/code/v2 done
Event: 107.371 loading class com/android/tools/r8/code/t2
Event: 107.371 loading class com/android/tools/r8/code/t2 done
Event: 107.392 loading class com/android/tools/r8/s/b/k0
Event: 107.392 loading class com/android/tools/r8/s/b/k0 done
Event: 107.411 Thread 0x000000001dc82800 DEOPT PACKING pc=0x0000000005d480db sp=0x0000000021edcf90
Event: 107.411 Thread 0x000000001dc82800 DEOPT UNPACKING pc=0x0000000002e671d0 sp=0x0000000021edcce8 mode 0
Event: 107.412 loading class com/android/tools/r8/graph/l0$a
Event: 107.412 loading class com/android/tools/r8/graph/l0$a done


Dynamic libraries:
0x00007ff6b6d40000 - 0x00007ff6b6d71000 	C:\Program Files\Android\Android Studio\jre\bin\java.exe
0x00007ffcb9830000 - 0x00007ffcb9a26000 	C:\WINDOWS\SYSTEM32\ntdll.dll
0x00007ffcb7ec0000 - 0x00007ffcb7f7d000 	C:\WINDOWS\System32\KERNEL32.DLL
0x00007ffcb7330000 - 0x00007ffcb75f9000 	C:\WINDOWS\System32\KERNELBASE.dll
0x00007ffcb8aa0000 - 0x00007ffcb8b4c000 	C:\WINDOWS\System32\ADVAPI32.dll
0x00007ffcb7dc0000 - 0x00007ffcb7e5e000 	C:\WINDOWS\System32\msvcrt.dll
0x00007ffcb8cf0000 - 0x00007ffcb8d8c000 	C:\WINDOWS\System32\sechost.dll
0x00007ffcb7c90000 - 0x00007ffcb7dbb000 	C:\WINDOWS\System32\RPCRT4.dll
0x00007ffcb8b50000 - 0x00007ffcb8cf0000 	C:\WINDOWS\System32\USER32.dll
0x00007ffcb6f70000 - 0x00007ffcb6f92000 	C:\WINDOWS\System32\win32u.dll
0x00007ffcb7940000 - 0x00007ffcb796a000 	C:\WINDOWS\System32\GDI32.dll
0x00007ffcb7680000 - 0x00007ffcb778b000 	C:\WINDOWS\System32\gdi32full.dll
0x00007ffcb77f0000 - 0x00007ffcb788d000 	C:\WINDOWS\System32\msvcp_win.dll
0x00007ffcb7230000 - 0x00007ffcb7330000 	C:\WINDOWS\System32\ucrtbase.dll
0x00007ffc9c580000 - 0x00007ffc9c81b000 	C:\WINDOWS\WinSxS\amd64_microsoft.windows.common-controls_6595b64144ccf1df_6.0.19041.746_none_ca02b4b61b8320a4\COMCTL32.dll
0x00007ffcb7c00000 - 0x00007ffcb7c30000 	C:\WINDOWS\System32\IMM32.DLL
0x00000000719c0000 - 0x0000000071a92000 	C:\Program Files\Android\Android Studio\jre\jre\bin\msvcr100.dll
0x0000000071b80000 - 0x00000000723cb000 	C:\Program Files\Android\Android Studio\jre\jre\bin\server\jvm.dll
0x00007ffcb9730000 - 0x00007ffcb9738000 	C:\WINDOWS\System32\PSAPI.DLL
0x00007ffcb0a50000 - 0x00007ffcb0a59000 	C:\WINDOWS\SYSTEM32\WSOCK32.dll
0x00007ffcaf570000 - 0x00007ffcaf57a000 	C:\WINDOWS\SYSTEM32\VERSION.dll
0x00007ffc98060000 - 0x00007ffc98087000 	C:\WINDOWS\SYSTEM32\WINMM.dll
0x00007ffcb8110000 - 0x00007ffcb817b000 	C:\WINDOWS\System32\WS2_32.dll
0x00007ffcb09c0000 - 0x00007ffcb09cf000 	C:\Program Files\Android\Android Studio\jre\jre\bin\verify.dll
0x00007ffcaf150000 - 0x00007ffcaf179000 	C:\Program Files\Android\Android Studio\jre\jre\bin\java.dll
0x00007ffcb07c0000 - 0x00007ffcb07d6000 	C:\Program Files\Android\Android Studio\jre\jre\bin\zip.dll
0x00007ffcb8d90000 - 0x00007ffcb94d2000 	C:\WINDOWS\System32\SHELL32.dll
0x00007ffcb4d00000 - 0x00007ffcb5490000 	C:\WINDOWS\SYSTEM32\windows.storage.dll
0x00007ffcb8180000 - 0x00007ffcb84d6000 	C:\WINDOWS\System32\combase.dll
0x00007ffcb6900000 - 0x00007ffcb692c000 	C:\WINDOWS\SYSTEM32\Wldp.dll
0x00007ffcb89f0000 - 0x00007ffcb8a9e000 	C:\WINDOWS\System32\SHCORE.dll
0x00007ffcb7e60000 - 0x00007ffcb7eb5000 	C:\WINDOWS\System32\shlwapi.dll
0x00007ffcb6ea0000 - 0x00007ffcb6ec6000 	C:\WINDOWS\SYSTEM32\profapi.dll
0x00007ffcb00e0000 - 0x00007ffcb00fa000 	C:\Program Files\Android\Android Studio\jre\jre\bin\net.dll
0x00007ffcb6680000 - 0x00007ffcb66ea000 	C:\WINDOWS\system32\mswsock.dll
0x00007ffcaf1a0000 - 0x00007ffcaf1b3000 	C:\Program Files\Android\Android Studio\jre\jre\bin\nio.dll
0x00007ffcb0110000 - 0x00007ffcb0137000 	C:\Users\jabap\.gradle\native\f6784746aeab05261644944871eae4fe03e0ef1612fff0a4a95f87b438bc6780\windows-amd64\native-platform.dll
0x00007ffcb08b0000 - 0x00007ffcb08bd000 	C:\Program Files\Android\Android Studio\jre\jre\bin\management.dll
0x00007ffcb6850000 - 0x00007ffcb6868000 	C:\WINDOWS\SYSTEM32\CRYPTSP.dll
0x00007ffcb6020000 - 0x00007ffcb6054000 	C:\WINDOWS\system32\rsaenh.dll
0x00007ffcb7150000 - 0x00007ffcb7177000 	C:\WINDOWS\System32\bcrypt.dll
0x00007ffcb6e60000 - 0x00007ffcb6e8e000 	C:\WINDOWS\SYSTEM32\USERENV.dll
0x00007ffcb7600000 - 0x00007ffcb7680000 	C:\WINDOWS\System32\bcryptprimitives.dll
0x00007ffcb6870000 - 0x00007ffcb687c000 	C:\WINDOWS\SYSTEM32\CRYPTBASE.dll
0x00007ffcb6370000 - 0x00007ffcb63ab000 	C:\WINDOWS\SYSTEM32\IPHLPAPI.DLL
0x00007ffcb7890000 - 0x00007ffcb7898000 	C:\WINDOWS\System32\NSI.dll
0x00007ffcac160000 - 0x00007ffcac177000 	C:\WINDOWS\SYSTEM32\dhcpcsvc6.DLL
0x00007ffcad700000 - 0x00007ffcad71d000 	C:\WINDOWS\SYSTEM32\dhcpcsvc.DLL
0x00007ffcb63b0000 - 0x00007ffcb647b000 	C:\WINDOWS\SYSTEM32\DNSAPI.dll
0x00007ffcaedf0000 - 0x00007ffcaedfb000 	C:\WINDOWS\SYSTEM32\WINNSI.DLL
0x00007ffca9e60000 - 0x00007ffca9e84000 	C:\Program Files\Android\Android Studio\jre\jre\bin\sunec.dll
0x00007ffca3fb0000 - 0x00007ffca3fba000 	C:\Windows\System32\rasadhlp.dll
0x00007ffca5d10000 - 0x00007ffca5d8f000 	C:\WINDOWS\System32\fwpuclnt.dll
0x00007ffcb3630000 - 0x00007ffcb36c0000 	C:\WINDOWS\system32\apphelp.dll
0x00007ffcb5d70000 - 0x00007ffcb5da3000 	C:\WINDOWS\SYSTEM32\ntmarta.dll
0x00007ffca5830000 - 0x00007ffca584e000 	C:\Users\jabap\AppData\Local\Temp\native-platform4456046273056413376dir\native-platform.dll

VM Arguments:
jvm_args: -Xmx1536m -Dfile.encoding=windows-1252 -Duser.country=MX -Duser.language=es -Duser.variant 
java_command: org.gradle.launcher.daemon.bootstrap.GradleDaemon 6.5
java_class_path (initial): C:\Users\jabap\.gradle\wrapper\dists\gradle-6.5-bin\6nifqtx7604sqp1q6g8wikw7p\gradle-6.5\lib\gradle-launcher-6.5.jar
Launcher Type: SUN_STANDARD

Environment Variables:
PATH=C:\WINDOWS\system32;C:\WINDOWS;C:\WINDOWS\System32\Wbem;C:\WINDOWS\System32\WindowsPowerShell\v1.0\;C:\WINDOWS\System32\OpenSSH\;C:\Program Files\Git\cmd;C:\Users\jabap\AppData\Local\Microsoft\WindowsApps;;C:\Users\jabap\AppData\Local\Programs\Microsoft VS Code\bin
USERNAME=jabap
OS=Windows_NT
PROCESSOR_IDENTIFIER=Intel64 Family 6 Model 122 Stepping 8, GenuineIntel



---------------  S Y S T E M  ---------------

OS: Windows 10.0 , 64 bit Build 19041 (10.0.19041.804)

CPU:total 4 (initial active 4) (4 cores per cpu, 1 threads per core) family 6 model 122 stepping 8, cmov, cx8, fxsr, mmx, sse, sse2, sse3, ssse3, sse4.1, sse4.2, popcnt, aes, clmul, erms, 3dnowpref, tsc, tscinvbit

Memory: 4k page, physical 4011628k(219032k free), swap 11543784k(12k free)

vm_info: OpenJDK 64-Bit Server VM (25.242-b01) for windows-amd64 JRE (1.8.0_242-release-1644-b01), built by "builder" with MS VC++ 10.0 (VS2010)

time: Mon Jun 07 23:22:24 2021
timezone: Hora de verano central (México)
elapsed time: 107 seconds (0d 0h 1m 47s)

